<?xml version="1.0" encoding="UTF-8"?>
<!-- Generated by org.testng.reporters.JUnitReportReporter -->
<testsuite hostname="DESKTOP-5OBCTT3" failures="0" tests="1" name="com.crm.organization.CreateOrganization" time="18.263" errors="0" timestamp="2022-10-04T11:47:37 IST" skipped="0">
  <testcase classname="com.crm.organization.CreateOrganization" name="OrganizationsTest" time="18.263"/>
  <system-out/>
</testsuite> <!-- com.crm.organization.CreateOrganization -->
