<?xml version="1.0" encoding="UTF-8"?>
<!-- Generated by org.testng.reporters.JUnitReportReporter -->
<testsuite hostname="DESKTOP-5OBCTT3" failures="0" tests="1" name="com.crm.compaign.CreateCompaignWithProductTest" time="18.367" errors="0" timestamp="2022-10-06T11:09:34 IST" skipped="0">
  <testcase classname="com.crm.compaign.CreateCompaignWithProductTest" name="campaignWithProductTest" time="18.367"/>
  <system-out/>
</testsuite> <!-- com.crm.compaign.CreateCompaignWithProductTest -->
