<?xml version="1.0" encoding="UTF-8"?>
<!-- Generated by org.testng.reporters.JUnitReportReporter -->
<testsuite hostname="DESKTOP-5OBCTT3" failures="0" tests="1" name="com.crm.product.CreateProduct" time="16.991" errors="0" timestamp="2022-10-04T11:51:10 IST" skipped="0">
  <testcase classname="com.crm.product.CreateProduct" name="CreateProductMethodTest" time="16.991"/>
  <system-out/>
</testsuite> <!-- com.crm.product.CreateProduct -->
