<?xml version="1.0" encoding="UTF-8"?>
<!-- Generated by org.testng.reporters.JUnitReportReporter -->
<testsuite hostname="DESKTOP-5OBCTT3" failures="0" tests="1" name="com.crm.product.DeleteProductTest" time="21.309" errors="0" timestamp="2022-10-10T09:59:32 IST" skipped="0">
  <testcase classname="com.crm.product.DeleteProductTest" name="deleteProductMethodTest" time="21.309"/>
  <system-out/>
</testsuite> <!-- com.crm.product.DeleteProductTest -->
