<?xml version="1.0" encoding="UTF-8"?>
<!-- Generated by org.testng.reporters.JUnitReportReporter -->
<testsuite hostname="DESKTOP-5OBCTT3" failures="0" tests="3" name="practice.DataProviderTest" time="57.650" errors="0" timestamp="2022-10-14T11:46:06 IST" skipped="0">
  <testcase classname="practice.DataProviderTest" name="contactDetails" time="19.033"/>
  <system-out/>
  <testcase classname="practice.DataProviderTest" name="contactDetails" time="19.014"/>
  <system-out/>
  <testcase classname="practice.DataProviderTest" name="contactDetails" time="19.603"/>
  <system-out/>
</testsuite> <!-- practice.DataProviderTest -->
