<?xml version="1.0" encoding="UTF-8"?>
<!-- Generated by org.testng.reporters.JUnitReportReporter -->
<testsuite hostname="DESKTOP-5OBCTT3" failures="0" tests="1" name="com.crm.product.CreateProductTest" time="9.902" errors="0" timestamp="2022-10-06T17:25:00 IST" skipped="0">
  <testcase classname="com.crm.product.CreateProductTest" name="CreateProductMethodTest" time="9.902"/>
  <system-out/>
</testsuite> <!-- com.crm.product.CreateProductTest -->
