<?xml version="1.0" encoding="UTF-8"?>
<!-- Generated by org.testng.reporters.JUnitReportReporter -->
<testsuite hostname="DESKTOP-5OBCTT3" failures="0" tests="2" name="com.crm.compaign.CreateCampaignTest" time="19.759" errors="0" timestamp="2022-10-11T12:08:51 IST" skipped="0">
  <testcase classname="com.crm.compaign.CreateCampaignTest" name="createCampaignmethodTest" time="16.281"/>
  <system-out/>
  <testcase classname="com.crm.compaign.CreateCampaignTest" name="modifyCampaign" time="3.478"/>
  <system-out/>
</testsuite> <!-- com.crm.compaign.CreateCampaignTest -->
