<?xml version="1.0" encoding="UTF-8"?>
<!-- Generated by org.testng.reporters.JUnitReportReporter -->
<testsuite hostname="DESKTOP-5OBCTT3" failures="0" tests="1" name="com.crm.testscript.CompaignModule" time="16.522" errors="0" timestamp="2022-09-02T21:16:15 IST" skipped="0">
  <testcase classname="com.crm.testscript.CompaignModule" name="createCompaign" time="16.522"/>
  <system-out>
    <![CDATA[Compaigncreated successfully]]>
  </system-out>
</testsuite> <!-- com.crm.testscript.CompaignModule -->
